[01-Jan-2026 16:04:01 UTC] Analytics error: SQLSTATE[HY000]: General error: 5 database is locked
[01-Jan-2026 16:05:02 UTC] Analytics error: SQLSTATE[HY000]: General error: 5 database is locked
[01-Jan-2026 16:22:08 UTC] PHP Deprecated:  Implicit conversion from float -574.5 to int loses precision in /home/u469138665/domains/omklimat.se/public_html/config.php on line 279
[04-Jan-2026 17:49:19 UTC] PHP Deprecated:  Implicit conversion from float -470.5 to int loses precision in /home/u469138665/domains/omklimat.se/public_html/config.php on line 279
[05-Jan-2026 16:30:11 UTC] PHP Warning:  Cannot modify header information - headers already sent by (output started at /home/u469138665/domains/omklimat.se/public_html/admin/dashboard.php:77) in /home/u469138665/domains/omklimat.se/public_html/admin/dashboard.php on line 278
[07-Jan-2026 10:35:47 UTC] PHP Warning:  Cannot modify header information - headers already sent by (output started at /home/u469138665/domains/omklimat.se/public_html/admin/dashboard.php:77) in /home/u469138665/domains/omklimat.se/public_html/admin/dashboard.php on line 278
[08-Jan-2026 09:40:22 UTC] PHP Warning:  Cannot modify header information - headers already sent by (output started at /home/u469138665/domains/omklimat.se/public_html/admin/dashboard.php:77) in /home/u469138665/domains/omklimat.se/public_html/admin/dashboard.php on line 278
[15-Jan-2026 21:30:48 UTC] PHP Warning:  Cannot modify header information - headers already sent by (output started at /home/u469138665/domains/omklimat.se/public_html/admin/dashboard.php:77) in /home/u469138665/domains/omklimat.se/public_html/admin/dashboard.php on line 278
[16-Jan-2026 13:59:53 UTC] PHP Warning:  Cannot modify header information - headers already sent by (output started at /home/u469138665/domains/omklimat.se/public_html/admin/dashboard.php:77) in /home/u469138665/domains/omklimat.se/public_html/admin/dashboard.php on line 278
[23-Jan-2026 16:36:36 UTC] PHP Warning:  Cannot modify header information - headers already sent by (output started at /home/u469138665/domains/omklimat.se/public_html/admin/dashboard.php:77) in /home/u469138665/domains/omklimat.se/public_html/admin/dashboard.php on line 278
[23-Jan-2026 16:40:46 UTC] PHP Warning:  Cannot modify header information - headers already sent by (output started at /home/u469138665/domains/omklimat.se/public_html/admin/dashboard.php:77) in /home/u469138665/domains/omklimat.se/public_html/admin/dashboard.php on line 278
[23-Jan-2026 16:45:23 UTC] PHP Warning:  Cannot modify header information - headers already sent by (output started at /home/u469138665/domains/omklimat.se/public_html/admin/dashboard.php:77) in /home/u469138665/domains/omklimat.se/public_html/admin/dashboard.php on line 278
[23-Jan-2026 16:52:20 UTC] PHP Warning:  Cannot modify header information - headers already sent by (output started at /home/u469138665/domains/omklimat.se/public_html/admin/dashboard.php:77) in /home/u469138665/domains/omklimat.se/public_html/admin/dashboard.php on line 278
[23-Jan-2026 21:54:32 UTC] PHP Warning:  Cannot modify header information - headers already sent by (output started at /home/u469138665/domains/omklimat.se/public_html/admin/dashboard.php:77) in /home/u469138665/domains/omklimat.se/public_html/admin/dashboard.php on line 278
[24-Jan-2026 10:44:52 UTC] PHP Warning:  Cannot modify header information - headers already sent by (output started at /home/u469138665/domains/omklimat.se/public_html/admin/dashboard.php:77) in /home/u469138665/domains/omklimat.se/public_html/admin/dashboard.php on line 278
[24-Jan-2026 13:44:29 UTC] PHP Deprecated:  Function finfo_close() is deprecated since 8.5, as finfo objects are freed automatically in /Users/R01501/Desktop/ResursApps/omklimat/config.php on line 353
[24-Jan-2026 13:44:29 UTC] PHP Deprecated:  Function finfo_close() is deprecated since 8.5, as finfo objects are freed automatically in /Users/R01501/Desktop/ResursApps/omklimat/config.php on line 228
[24-Jan-2026 13:44:29 UTC] PHP Deprecated:  Function imagedestroy() is deprecated since 8.5, as it has no effect since PHP 8.0 in /Users/R01501/Desktop/ResursApps/omklimat/config.php on line 312
[24-Jan-2026 13:44:29 UTC] PHP Deprecated:  Function imagedestroy() is deprecated since 8.5, as it has no effect since PHP 8.0 in /Users/R01501/Desktop/ResursApps/omklimat/config.php on line 313
[24-Jan-2026 13:51:21 UTC] PHP Deprecated:  Function finfo_close() is deprecated since 8.5, as finfo objects are freed automatically in /Users/R01501/Desktop/ResursApps/omklimat/config.php on line 353
[24-Jan-2026 13:51:21 UTC] PHP Deprecated:  Function finfo_close() is deprecated since 8.5, as finfo objects are freed automatically in /Users/R01501/Desktop/ResursApps/omklimat/config.php on line 228
[24-Jan-2026 13:51:21 UTC] PHP Deprecated:  Function imagedestroy() is deprecated since 8.5, as it has no effect since PHP 8.0 in /Users/R01501/Desktop/ResursApps/omklimat/config.php on line 312
[24-Jan-2026 13:51:21 UTC] PHP Deprecated:  Function imagedestroy() is deprecated since 8.5, as it has no effect since PHP 8.0 in /Users/R01501/Desktop/ResursApps/omklimat/config.php on line 313
